<?xml version="1.0" encoding="UTF-8"?>
<!-- Generated by org.testng.reporters.JUnitReportReporter -->
<testsuite skipped="0" hostname="WBLT26W8H72" name="Fieldmarketing.launch" tests="1" failures="0" timestamp="22 Jan 2018 04:25:37 GMT" time="8.935" errors="0">
  <testcase name="training" time="8.935" classname="Fieldmarketing.launch"/>
</testsuite> <!-- Fieldmarketing.launch -->
