<?xml version="1.0" encoding="UTF-8"?>
<!-- Generated by org.testng.reporters.JUnitReportReporter -->
<testsuite skipped="0" hostname="WBLT26W8H72" name="testing.TesttrackoneTest" tests="2" failures="0" timestamp="07 Feb 2018 21:43:29 GMT" time="0.003" errors="0">
  <testcase name="Beta" time="0.001" classname="testing.TesttrackoneTest"/>
  <testcase name="Alpha" time="0.002" classname="testing.TesttrackoneTest"/>
</testsuite> <!-- testing.TesttrackoneTest -->
