<?xml version="1.0" encoding="UTF-8"?>
<!-- Generated by org.testng.reporters.JUnitReportReporter -->
<testsuite skipped="0" hostname="WBLT26W8H72" name="Fieldmarketing.Signin" tests="1" failures="0" timestamp="24 Jan 2018 02:51:40 GMT" time="9.980" errors="0">
  <testcase name="Test" time="9.980" classname="Fieldmarketing.Signin"/>
</testsuite> <!-- Fieldmarketing.Signin -->
