<?xml version="1.0" encoding="UTF-8"?>
<!-- Generated by org.testng.reporters.JUnitReportReporter -->
<testsuite skipped="0" hostname="WBLT26W8H72" name="testing.TesttracktwoTest" tests="2" failures="0" timestamp="07 Feb 2018 21:43:29 GMT" time="0.002" errors="0">
  <testcase name="Checking" time="0.001" classname="testing.TesttracktwoTest"/>
  <testcase name="Savings" time="0.001" classname="testing.TesttracktwoTest"/>
</testsuite> <!-- testing.TesttracktwoTest -->
